<?xml version="1.0" encoding="UTF-8"?>
<testsuite xmlns:xsi="http://www.w3.org/2001/XMLSchema-instance" xsi:noNamespaceSchemaLocation="https://maven.apache.org/surefire/maven-surefire-plugin/xsd/surefire-test-report.xsd" name="LoginCourierTest" time="7.762" tests="5" errors="0" skipped="0" failures="0">
  <properties>
    <property name="gopherProxySet" value="false"/>
    <property name="awt.toolkit" value="sun.lwawt.macosx.LWCToolkit"/>
    <property name="java.specification.version" value="11"/>
    <property name="sun.cpu.isalist" value=""/>
    <property name="sun.jnu.encoding" value="UTF-8"/>
    <property name="java.class.path" value="/Users/nelizaleskaya/Documents/pr_projects/sprint777 — копия/target/test-classes:/Users/nelizaleskaya/Documents/pr_projects/sprint777 — копия/target/classes:/Users/nelizaleskaya/.m2/repository/junit/junit/4.13.2/junit-4.13.2.jar:/Users/nelizaleskaya/.m2/repository/org/hamcrest/hamcrest-core/1.3/hamcrest-core-1.3.jar:/Users/nelizaleskaya/.m2/repository/io/rest-assured/rest-assured/5.2.0/rest-assured-5.2.0.jar:/Users/nelizaleskaya/.m2/repository/org/apache/groovy/groovy/4.0.1/groovy-4.0.1.jar:/Users/nelizaleskaya/.m2/repository/org/apache/groovy/groovy-xml/4.0.1/groovy-xml-4.0.1.jar:/Users/nelizaleskaya/.m2/repository/org/apache/httpcomponents/httpclient/4.5.13/httpclient-4.5.13.jar:/Users/nelizaleskaya/.m2/repository/org/apache/httpcomponents/httpcore/4.4.13/httpcore-4.4.13.jar:/Users/nelizaleskaya/.m2/repository/commons-logging/commons-logging/1.2/commons-logging-1.2.jar:/Users/nelizaleskaya/.m2/repository/commons-codec/commons-codec/1.11/commons-codec-1.11.jar:/Users/nelizaleskaya/.m2/repository/org/apache/httpcomponents/httpmime/4.5.13/httpmime-4.5.13.jar:/Users/nelizaleskaya/.m2/repository/org/hamcrest/hamcrest/2.1/hamcrest-2.1.jar:/Users/nelizaleskaya/.m2/repository/org/ccil/cowan/tagsoup/tagsoup/1.2.1/tagsoup-1.2.1.jar:/Users/nelizaleskaya/.m2/repository/io/rest-assured/json-path/5.2.0/json-path-5.2.0.jar:/Users/nelizaleskaya/.m2/repository/org/apache/groovy/groovy-json/4.0.1/groovy-json-4.0.1.jar:/Users/nelizaleskaya/.m2/repository/io/rest-assured/rest-assured-common/5.2.0/rest-assured-common-5.2.0.jar:/Users/nelizaleskaya/.m2/repository/io/rest-assured/xml-path/5.2.0/xml-path-5.2.0.jar:/Users/nelizaleskaya/.m2/repository/io/qameta/allure/allure-junit4/2.15.0/allure-junit4-2.15.0.jar:/Users/nelizaleskaya/.m2/repository/io/qameta/allure/allure-java-commons/2.15.0/allure-java-commons-2.15.0.jar:/Users/nelizaleskaya/.m2/repository/org/slf4j/slf4j-api/1.7.30/slf4j-api-1.7.30.jar:/Users/nelizaleskaya/.m2/repository/io/qameta/allure/allure-model/2.15.0/allure-model-2.15.0.jar:/Users/nelizaleskaya/.m2/repository/io/qameta/allure/allure-rest-assured/2.15.0/allure-rest-assured-2.15.0.jar:/Users/nelizaleskaya/.m2/repository/io/qameta/allure/allure-attachments/2.15.0/allure-attachments-2.15.0.jar:/Users/nelizaleskaya/.m2/repository/org/freemarker/freemarker/2.3.31/freemarker-2.3.31.jar:/Users/nelizaleskaya/.m2/repository/com/google/code/gson/gson/2.8.9/gson-2.8.9.jar:/Users/nelizaleskaya/.m2/repository/com/github/javafaker/javafaker/1.0.2/javafaker-1.0.2.jar:/Users/nelizaleskaya/.m2/repository/org/apache/commons/commons-lang3/3.5/commons-lang3-3.5.jar:/Users/nelizaleskaya/.m2/repository/org/yaml/snakeyaml/1.23/snakeyaml-1.23-android.jar:/Users/nelizaleskaya/.m2/repository/com/github/mifmif/generex/1.0.2/generex-1.0.2.jar:/Users/nelizaleskaya/.m2/repository/dk/brics/automaton/automaton/1.11-8/automaton-1.11-8.jar:"/>
    <property name="java.vm.vendor" value="Amazon.com Inc."/>
    <property name="sun.arch.data.model" value="64"/>
    <property name="java.vendor.url" value="https://aws.amazon.com/corretto/"/>
    <property name="user.timezone" value=""/>
    <property name="java.vm.specification.version" value="11"/>
    <property name="os.name" value="Mac OS X"/>
    <property name="sun.java.launcher" value="SUN_STANDARD"/>
    <property name="user.country" value="RU"/>
    <property name="sun.boot.library.path" value="/Library/Java/JavaVirtualMachines/amazon-corretto-11.jdk/Contents/Home/lib"/>
    <property name="sun.java.command" value="/Users/nelizaleskaya/Documents/pr_projects/sprint777 — копия/target/surefire/surefirebooter2064610762061074902.jar /Users/nelizaleskaya/Documents/pr_projects/sprint777 — копия/target/surefire 2024-05-07T10-41-41_884-jvmRun1 surefire5494783906332156467tmp surefire_012395815208120919382tmp"/>
    <property name="jdk.debug" value="release"/>
    <property name="surefire.test.class.path" value="/Users/nelizaleskaya/Documents/pr_projects/sprint777 — копия/target/test-classes:/Users/nelizaleskaya/Documents/pr_projects/sprint777 — копия/target/classes:/Users/nelizaleskaya/.m2/repository/junit/junit/4.13.2/junit-4.13.2.jar:/Users/nelizaleskaya/.m2/repository/org/hamcrest/hamcrest-core/1.3/hamcrest-core-1.3.jar:/Users/nelizaleskaya/.m2/repository/io/rest-assured/rest-assured/5.2.0/rest-assured-5.2.0.jar:/Users/nelizaleskaya/.m2/repository/org/apache/groovy/groovy/4.0.1/groovy-4.0.1.jar:/Users/nelizaleskaya/.m2/repository/org/apache/groovy/groovy-xml/4.0.1/groovy-xml-4.0.1.jar:/Users/nelizaleskaya/.m2/repository/org/apache/httpcomponents/httpclient/4.5.13/httpclient-4.5.13.jar:/Users/nelizaleskaya/.m2/repository/org/apache/httpcomponents/httpcore/4.4.13/httpcore-4.4.13.jar:/Users/nelizaleskaya/.m2/repository/commons-logging/commons-logging/1.2/commons-logging-1.2.jar:/Users/nelizaleskaya/.m2/repository/commons-codec/commons-codec/1.11/commons-codec-1.11.jar:/Users/nelizaleskaya/.m2/repository/org/apache/httpcomponents/httpmime/4.5.13/httpmime-4.5.13.jar:/Users/nelizaleskaya/.m2/repository/org/hamcrest/hamcrest/2.1/hamcrest-2.1.jar:/Users/nelizaleskaya/.m2/repository/org/ccil/cowan/tagsoup/tagsoup/1.2.1/tagsoup-1.2.1.jar:/Users/nelizaleskaya/.m2/repository/io/rest-assured/json-path/5.2.0/json-path-5.2.0.jar:/Users/nelizaleskaya/.m2/repository/org/apache/groovy/groovy-json/4.0.1/groovy-json-4.0.1.jar:/Users/nelizaleskaya/.m2/repository/io/rest-assured/rest-assured-common/5.2.0/rest-assured-common-5.2.0.jar:/Users/nelizaleskaya/.m2/repository/io/rest-assured/xml-path/5.2.0/xml-path-5.2.0.jar:/Users/nelizaleskaya/.m2/repository/io/qameta/allure/allure-junit4/2.15.0/allure-junit4-2.15.0.jar:/Users/nelizaleskaya/.m2/repository/io/qameta/allure/allure-java-commons/2.15.0/allure-java-commons-2.15.0.jar:/Users/nelizaleskaya/.m2/repository/org/slf4j/slf4j-api/1.7.30/slf4j-api-1.7.30.jar:/Users/nelizaleskaya/.m2/repository/io/qameta/allure/allure-model/2.15.0/allure-model-2.15.0.jar:/Users/nelizaleskaya/.m2/repository/io/qameta/allure/allure-rest-assured/2.15.0/allure-rest-assured-2.15.0.jar:/Users/nelizaleskaya/.m2/repository/io/qameta/allure/allure-attachments/2.15.0/allure-attachments-2.15.0.jar:/Users/nelizaleskaya/.m2/repository/org/freemarker/freemarker/2.3.31/freemarker-2.3.31.jar:/Users/nelizaleskaya/.m2/repository/com/google/code/gson/gson/2.8.9/gson-2.8.9.jar:/Users/nelizaleskaya/.m2/repository/com/github/javafaker/javafaker/1.0.2/javafaker-1.0.2.jar:/Users/nelizaleskaya/.m2/repository/org/apache/commons/commons-lang3/3.5/commons-lang3-3.5.jar:/Users/nelizaleskaya/.m2/repository/org/yaml/snakeyaml/1.23/snakeyaml-1.23-android.jar:/Users/nelizaleskaya/.m2/repository/com/github/mifmif/generex/1.0.2/generex-1.0.2.jar:/Users/nelizaleskaya/.m2/repository/dk/brics/automaton/automaton/1.11-8/automaton-1.11-8.jar:"/>
    <property name="allure.results.directory" value="/Users/nelizaleskaya/Documents/pr_projects/sprint777 — копия/target/allure-results"/>
    <property name="sun.cpu.endian" value="little"/>
    <property name="user.home" value="/Users/nelizaleskaya"/>
    <property name="user.language" value="ru"/>
    <property name="java.specification.vendor" value="Oracle Corporation"/>
    <property name="java.version.date" value="2024-01-16"/>
    <property name="java.home" value="/Library/Java/JavaVirtualMachines/amazon-corretto-11.jdk/Contents/Home"/>
    <property name="file.separator" value="/"/>
    <property name="basedir" value="/Users/nelizaleskaya/Documents/pr_projects/sprint777 — копия"/>
    <property name="java.vm.compressedOopsMode" value="Zero based"/>
    <property name="line.separator" value="&#10;"/>
    <property name="java.specification.name" value="Java Platform API Specification"/>
    <property name="java.vm.specification.vendor" value="Oracle Corporation"/>
    <property name="java.awt.graphicsenv" value="sun.awt.CGraphicsEnvironment"/>
    <property name="surefire.real.class.path" value="/Users/nelizaleskaya/Documents/pr_projects/sprint777 — копия/target/surefire/surefirebooter2064610762061074902.jar"/>
    <property name="sun.management.compiler" value="HotSpot 64-Bit Tiered Compilers"/>
    <property name="java.runtime.version" value="11.0.22+7-LTS"/>
    <property name="user.name" value="nelizaleskaya"/>
    <property name="path.separator" value=":"/>
    <property name="os.version" value="13.6"/>
    <property name="java.runtime.name" value="OpenJDK Runtime Environment"/>
    <property name="file.encoding" value="UTF-8"/>
    <property name="java.vm.name" value="OpenJDK 64-Bit Server VM"/>
    <property name="java.vendor.version" value="Corretto-11.0.22.7.1"/>
    <property name="localRepository" value="/Users/nelizaleskaya/.m2/repository"/>
    <property name="java.vendor.url.bug" value="https://github.com/corretto/corretto-11/issues/"/>
    <property name="java.io.tmpdir" value="/var/folders/s3/ybrw_70x6jdgh4zzx4_9r4714gsg3j/T/"/>
    <property name="java.version" value="11.0.22"/>
    <property name="user.dir" value="/Users/nelizaleskaya/Documents/pr_projects/sprint777 — копия"/>
    <property name="os.arch" value="x86_64"/>
    <property name="java.vm.specification.name" value="Java Virtual Machine Specification"/>
    <property name="java.awt.printerjob" value="sun.lwawt.macosx.CPrinterJob"/>
    <property name="sun.os.patch.level" value="unknown"/>
    <property name="java.library.path" value="/Users/nelizaleskaya/Library/Java/Extensions:/Library/Java/Extensions:/Network/Library/Java/Extensions:/System/Library/Java/Extensions:/usr/lib/java:."/>
    <property name="java.vm.info" value="mixed mode"/>
    <property name="java.vendor" value="Amazon.com Inc."/>
    <property name="java.vm.version" value="11.0.22+7-LTS"/>
    <property name="java.specification.maintenance.version" value="2"/>
    <property name="sun.io.unicode.encoding" value="UnicodeBig"/>
    <property name="java.class.version" value="55.0"/>
  </properties>
  <testcase name="loginCourierWithoutPassFailed" classname="LoginCourierTest" time="1.686"/>
  <testcase name="loginCourierWithIncorrectLoginFailed" classname="LoginCourierTest" time="1.484"/>
  <testcase name="loginCourierSuccess" classname="LoginCourierTest" time="1.514"/>
  <testcase name="loginCourierWithoutLoginFailed" classname="LoginCourierTest" time="1.559"/>
  <testcase name="loginCourierWithIncorrectPassFailed" classname="LoginCourierTest" time="1.513"/>
</testsuite>